<?xml version="1.0" encoding="UTF-8"?>
<testng-results ignored="0" total="1" passed="1" failed="0" skipped="0">
  <reporter-output>
  </reporter-output>
  <suite started-at="2022-09-20T14:00:08 IST" name="Suite" finished-at="2022-09-20T14:00:33 IST" duration-ms="24711">
    <groups>
    </groups>
    <test started-at="2022-09-20T14:00:08 IST" name="Test" finished-at="2022-09-20T14:00:33 IST" duration-ms="24711">
      <class name="tests.LoginTest">
        <test-method is-config="true" signature="Initialization()[pri:0, instance:tests.LoginTest@6f96c77]" started-at="2022-09-20T14:00:08 IST" name="Initialization" finished-at="2022-09-20T14:00:19 IST" duration-ms="10413" status="PASS">
          <reporter-output>
          </reporter-output>
        </test-method> <!-- Initialization -->
        <test-method is-config="true" signature="logger(java.lang.reflect.Method)[pri:0, instance:tests.LoginTest@6f96c77]" started-at="2022-09-20T14:00:19 IST" name="logger" finished-at="2022-09-20T14:00:19 IST" duration-ms="2" status="PASS">
          <params>
            <param index="0">
              <value>
                <![CDATA[public void tests.LoginTest.Validate_LoginApplication()]]>
              </value>
            </param>
          </params>
          <reporter-output>
          </reporter-output>
        </test-method> <!-- logger -->
        <test-method signature="Validate_LoginApplication()[pri:0, instance:tests.LoginTest@6f96c77]" started-at="2022-09-20T14:00:19 IST" name="Validate_LoginApplication" finished-at="2022-09-20T14:00:33 IST" duration-ms="13947" status="PASS">
          <reporter-output>
          </reporter-output>
        </test-method> <!-- Validate_LoginApplication -->
        <test-method is-config="true" signature="Termination()[pri:0, instance:tests.LoginTest@6f96c77]" started-at="2022-09-20T14:00:33 IST" name="Termination" finished-at="2022-09-20T14:00:33 IST" duration-ms="278" status="PASS">
          <reporter-output>
          </reporter-output>
        </test-method> <!-- Termination -->
      </class> <!-- tests.LoginTest -->
    </test> <!-- Test -->
  </suite> <!-- Suite -->
</testng-results>
