<?xml version="1.0" encoding="UTF-8"?>
<testsuite xmlns:xsi="http://www.w3.org/2001/XMLSchema-instance" xsi:noNamespaceSchemaLocation="https://maven.apache.org/surefire/maven-surefire-plugin/xsd/surefire-test-report-3.0.xsd" version="3.0" name="TestSuite" time="26.034" tests="1" errors="0" skipped="0" failures="0">
  <properties>
[...]
</properties>
  <testcase name="Validate_LoginApplication" classname="tests.LoginTest" time="13.804">
    <system-out><![CDATA[14:00:09,086 |-INFO in ch.qos.logback.classic.LoggerContext[default] - Could NOT find resource [logback-test.xml]
14:00:09,087 |-INFO in ch.qos.logback.classic.LoggerContext[default] - Could NOT find resource [logback.groovy]
14:00:09,087 |-INFO in ch.qos.logback.classic.LoggerContext[default] - Found resource [logback.xml] at [file:/C:/Jana/githubActions/SeleniumJava/target/test-classes/logback.xml]
14:00:09,164 |-INFO in ch.qos.logback.classic.joran.action.ConfigurationAction - debug attribute not set
14:00:09,175 |-INFO in ch.qos.logback.core.joran.action.AppenderAction - About to instantiate appender of type [ch.qos.logback.core.ConsoleAppender]
14:00:09,179 |-INFO in ch.qos.logback.core.joran.action.AppenderAction - Naming appender as [Console]
14:00:09,186 |-INFO in ch.qos.logback.core.joran.action.NestedComplexPropertyIA - Assuming default type [ch.qos.logback.classic.encoder.PatternLayoutEncoder] for [encoder] property
14:00:09,223 |-INFO in ch.qos.logback.core.joran.action.AppenderAction - About to instantiate appender of type [ch.qos.logback.core.FileAppender]
14:00:09,227 |-INFO in ch.qos.logback.core.joran.action.AppenderAction - Naming appender as [file]
14:00:09,228 |-INFO in ch.qos.logback.core.joran.action.NestedComplexPropertyIA - Assuming default type [ch.qos.logback.classic.encoder.PatternLayoutEncoder] for [encoder] property
14:00:09,229 |-INFO in ch.qos.logback.core.FileAppender[file] - File property is set to [D:\Eclipse workspace\GUIAutomation\target\test.log]
14:00:09,231 |-ERROR in ch.qos.logback.core.FileAppender[file] - Failed to create parent directories for [D:\Eclipse workspace\GUIAutomation\target\test.log]
14:00:09,231 |-ERROR in ch.qos.logback.core.FileAppender[file] - openFile(D:\Eclipse workspace\GUIAutomation\target\test.log,false) call failed. java.io.FileNotFoundException: D:\Eclipse workspace\GUIAutomation\target\test.log (The system cannot find the path specified)
	at java.io.FileNotFoundException: D:\Eclipse workspace\GUIAutomation\target\test.log (The system cannot find the path specified)
	at 	at java.base/java.io.FileOutputStream.open0(Native Method)
	at 	at java.base/java.io.FileOutputStream.open(FileOutputStream.java:293)
	at 	at java.base/java.io.FileOutputStream.<init>(FileOutputStream.java:235)
	at 	at ch.qos.logback.core.recovery.ResilientFileOutputStream.<init>(ResilientFileOutputStream.java:26)
	at 	at ch.qos.logback.core.FileAppender.openFile(FileAppender.java:204)
	at 	at ch.qos.logback.core.FileAppender.start(FileAppender.java:127)
	at 	at ch.qos.logback.core.joran.action.AppenderAction.end(AppenderAction.java:90)
	at 	at ch.qos.logback.core.joran.spi.Interpreter.callEndAction(Interpreter.java:309)
	at 	at ch.qos.logback.core.joran.spi.Interpreter.endElement(Interpreter.java:193)
	at 	at ch.qos.logback.core.joran.spi.Interpreter.endElement(Interpreter.java:179)
	at 	at ch.qos.logback.core.joran.spi.EventPlayer.play(EventPlayer.java:62)
	at 	at ch.qos.logback.core.joran.GenericConfigurator.doConfigure(GenericConfigurator.java:165)
	at 	at ch.qos.logback.core.joran.GenericConfigurator.doConfigure(GenericConfigurator.java:152)
	at 	at ch.qos.logback.core.joran.GenericConfigurator.doConfigure(GenericConfigurator.java:110)
	at 	at ch.qos.logback.core.joran.GenericConfigurator.doConfigure(GenericConfigurator.java:53)
	at 	at ch.qos.logback.classic.util.ContextInitializer.configureByResource(ContextInitializer.java:65)
	at 	at ch.qos.logback.classic.util.ContextInitializer.autoConfig(ContextInitializer.java:140)
	at 	at org.slf4j.impl.StaticLoggerBinder.init(StaticLoggerBinder.java:84)
	at 	at org.slf4j.impl.StaticLoggerBinder.<clinit>(StaticLoggerBinder.java:55)
	at 	at org.slf4j.LoggerFactory.bind(LoggerFactory.java:150)
	at 	at org.slf4j.LoggerFactory.performInitialization(LoggerFactory.java:124)
	at 	at org.slf4j.LoggerFactory.getILoggerFactory(LoggerFactory.java:417)
	at 	at org.slf4j.LoggerFactory.getLogger(LoggerFactory.java:362)
	at 	at org.slf4j.LoggerFactory.getLogger(LoggerFactory.java:388)
	at 	at io.github.bonigarcia.wdm.WebDriverManager.<clinit>(WebDriverManager.java:136)
	at 	at tests.LoginTest.Initialization(LoginTest.java:33)
	at 	at java.base/jdk.internal.reflect.NativeMethodAccessorImpl.invoke0(Native Method)
	at 	at java.base/jdk.internal.reflect.NativeMethodAccessorImpl.invoke(NativeMethodAccessorImpl.java:77)
	at 	at java.base/jdk.internal.reflect.DelegatingMethodAccessorImpl.invoke(DelegatingMethodAccessorImpl.java:43)
	at 	at java.base/java.lang.reflect.Method.invoke(Method.java:568)
	at 	at org.testng.internal.MethodInvocationHelper.invokeMethod(MethodInvocationHelper.java:133)
	at 	at org.testng.internal.MethodInvocationHelper.invokeMethodConsideringTimeout(MethodInvocationHelper.java:62)
	at 	at org.testng.internal.ConfigInvoker.invokeConfigurationMethod(ConfigInvoker.java:385)
	at 	at org.testng.internal.ConfigInvoker.invokeConfigurations(ConfigInvoker.java:321)
	at 	at org.testng.internal.TestMethodWorker.invokeBeforeClassMethods(TestMethodWorker.java:176)
	at 	at org.testng.internal.TestMethodWorker.run(TestMethodWorker.java:122)
	at 	at java.base/java.util.ArrayList.forEach(ArrayList.java:1511)
	at 	at org.testng.TestRunner.privateRun(TestRunner.java:794)
	at 	at org.testng.TestRunner.run(TestRunner.java:596)
	at 	at org.testng.SuiteRunner.runTest(SuiteRunner.java:377)
	at 	at org.testng.SuiteRunner.runSequentially(SuiteRunner.java:371)
	at 	at org.testng.SuiteRunner.privateRun(SuiteRunner.java:332)
	at 	at org.testng.SuiteRunner.run(SuiteRunner.java:276)
	at 	at org.testng.SuiteRunnerWorker.runSuite(SuiteRunnerWorker.java:53)
	at 	at org.testng.SuiteRunnerWorker.run(SuiteRunnerWorker.java:96)
	at 	at org.testng.TestNG.runSuitesSequentially(TestNG.java:1212)
	at 	at org.testng.TestNG.runSuitesLocally(TestNG.java:1134)
	at 	at org.testng.TestNG.runSuites(TestNG.java:1063)
	at 	at org.testng.TestNG.run(TestNG.java:1031)
	at 	at org.apache.maven.surefire.testng.TestNGExecutor.run(TestNGExecutor.java:284)
	at 	at org.apache.maven.surefire.testng.TestNGXmlTestSuite.execute(TestNGXmlTestSuite.java:75)
	at 	at org.apache.maven.surefire.testng.TestNGProvider.invoke(TestNGProvider.java:119)
	at 	at org.apache.maven.surefire.booter.ForkedBooter.runSuitesInProcess(ForkedBooter.java:428)
	at 	at org.apache.maven.surefire.booter.ForkedBooter.execute(ForkedBooter.java:162)
	at 	at org.apache.maven.surefire.booter.ForkedBooter.run(ForkedBooter.java:562)
	at 	at org.apache.maven.surefire.booter.ForkedBooter.main(ForkedBooter.java:548)
14:00:09,231 |-INFO in ch.qos.logback.classic.joran.action.LoggerAction - Setting level of logger [tests] to TRACE
14:00:09,232 |-INFO in ch.qos.logback.core.joran.action.AppenderRefAction - Attaching appender named [file] to Logger[tests]
14:00:09,232 |-INFO in ch.qos.logback.classic.joran.action.RootLoggerAction - Setting level of ROOT logger to INFO
14:00:09,232 |-INFO in ch.qos.logback.core.joran.action.AppenderRefAction - Attaching appender named [Console] to Logger[ROOT]
14:00:09,233 |-INFO in ch.qos.logback.core.joran.action.AppenderRefAction - Attaching appender named [file] to Logger[ROOT]
14:00:09,233 |-INFO in ch.qos.logback.classic.joran.action.ConfigurationAction - End of configuration.
14:00:09,234 |-INFO in ch.qos.logback.classic.joran.JoranConfigurator@4d5650ae - Registering current configuration as safe fallback point

&amp#27;[33m2022-09-20 14:00:10,082&amp#27;[0;39m [main] &amp#27;[31mWARN &amp#27;[0;39m &amp#27;[36mio.github.bonigarcia.wdm.versions.VersionDetector&amp#27;[0;39m &amp#27;[32mError reading commands.properties, using local instead&amp#27;[0;39m 
&amp#27;[33m2022-09-20 14:00:11,995&amp#27;[0;39m [main] &amp#27;[34mINFO &amp#27;[0;39m &amp#27;[36mio.github.bonigarcia.wdm.WebDriverManager&amp#27;[0;39m &amp#27;[32mUsing chromedriver 105.0.5195.52 (resolved driver for Chrome 105)&amp#27;[0;39m 
&amp#27;[33m2022-09-20 14:00:12,039&amp#27;[0;39m [main] &amp#27;[34mINFO &amp#27;[0;39m &amp#27;[36mio.github.bonigarcia.wdm.WebDriverManager&amp#27;[0;39m &amp#27;[32mReading https://chromedriver.storage.googleapis.com/ to seek chromedriver&amp#27;[0;39m 
&amp#27;[33m2022-09-20 14:00:12,846&amp#27;[0;39m [main] &amp#27;[34mINFO &amp#27;[0;39m &amp#27;[36mio.github.bonigarcia.wdm.online.Downloader&amp#27;[0;39m &amp#27;[32mDownloading https://chromedriver.storage.googleapis.com/105.0.5195.52/chromedriver_win32.zip&amp#27;[0;39m 
&amp#27;[33m2022-09-20 14:00:13,611&amp#27;[0;39m [main] &amp#27;[34mINFO &amp#27;[0;39m &amp#27;[36mio.github.bonigarcia.wdm.online.Downloader&amp#27;[0;39m &amp#27;[32mExtracting driver from compressed file chromedriver_win32.zip&amp#27;[0;39m 
&amp#27;[33m2022-09-20 14:00:13,849&amp#27;[0;39m [main] &amp#27;[34mINFO &amp#27;[0;39m &amp#27;[36mio.github.bonigarcia.wdm.WebDriverManager&amp#27;[0;39m &amp#27;[32mExporting webdriver.chrome.driver as C:\Users\HP\.cache\selenium\chromedriver\win32\105.0.5195.52\chromedriver.exe&amp#27;[0;39m 
&amp#27;[33m2022-09-20 14:00:23,325&amp#27;[0;39m [main] &amp#27;[34mINFO &amp#27;[0;39m &amp#27;[36mValidate_LoginApplication&amp#27;[0;39m &amp#27;[32madmin@yourstore.com :username is successfully entered&amp#27;[0;39m 
&amp#27;[33m2022-09-20 14:00:23,526&amp#27;[0;39m [main] &amp#27;[34mINFO &amp#27;[0;39m &amp#27;[36mValidate_LoginApplication&amp#27;[0;39m &amp#27;[32madmin :password is successfully entered&amp#27;[0;39m 
&amp#27;[33m2022-09-20 14:00:33,289&amp#27;[0;39m [main] &amp#27;[34mINFO &amp#27;[0;39m &amp#27;[36mValidate_LoginApplication&amp#27;[0;39m &amp#27;[32mLogin button is clicked&amp#27;[0;39m 
&amp#27;[33m2022-09-20 14:00:33,371&amp#27;[0;39m [main] &amp#27;[34mINFO &amp#27;[0;39m &amp#27;[36mValidate_LoginApplication&amp#27;[0;39m &amp#27;[32mLogin is Successfull&amp#27;[0;39m 
]]></system-out>
    <system-err><![CDATA[Starting ChromeDriver 105.0.5195.52 (412c95e518836d8a7d97250d62b29c2ae6a26a85-refs/branch-heads/5195@{#853}) on port 55792
Only local connections are allowed.
Please see https://chromedriver.chromium.org/security-considerations for suggestions on keeping ChromeDriver safe.
ChromeDriver was started successfully.
Sep 20, 2022 2:00:18 PM org.openqa.selenium.remote.ProtocolHandshake createSession
INFO: Detected dialect: W3C
Sep 20, 2022 2:00:19 PM org.openqa.selenium.devtools.CdpVersionFinder findNearestMatch
WARNING: Unable to find an exact match for CDP version 105, so returning the closest version found: a no-op implementation
Sep 20, 2022 2:00:19 PM org.openqa.selenium.devtools.CdpVersionFinder findNearestMatch
INFO: Unable to find CDP implementation matching 105.
Sep 20, 2022 2:00:19 PM org.openqa.selenium.chromium.ChromiumDriver lambda$new$3
WARNING: Unable to find version of CDP to use for . You may need to include a dependency on a specific version of the CDP using something similar to `org.seleniumhq.selenium:selenium-devtools-v86:4.1.0` where the version ("v86") matches the version of the chromium-based browser you're using and the version number of the artifact is the same as Selenium's.
]]></system-err>
  </testcase>
</testsuite>